mode: atomic
github.com/takt-corp/barcode/codabar/encoder.go:36.54,38.72 2 2
github.com/takt-corp/barcode/codabar/encoder.go:38.72,40.3 1 1
github.com/takt-corp/barcode/codabar/encoder.go:41.2,42.28 2 1
github.com/takt-corp/barcode/codabar/encoder.go:42.28,43.12 1 7
github.com/takt-corp/barcode/codabar/encoder.go:43.12,45.4 1 6
github.com/takt-corp/barcode/codabar/encoder.go:46.3,46.38 1 7
github.com/takt-corp/barcode/codabar/encoder.go:48.2,48.68 1 1
github.com/takt-corp/barcode/code128/encode.go:13.36,16.24 3 12
github.com/takt-corp/barcode/code128/encode.go:16.24,19.3 2 55
github.com/takt-corp/barcode/code128/encode.go:20.2,20.15 1 12
github.com/takt-corp/barcode/code128/encode.go:23.63,25.33 2 52
github.com/takt-corp/barcode/code128/encode.go:25.33,27.3 1 10
github.com/takt-corp/barcode/code128/encode.go:28.2,28.37 1 52
github.com/takt-corp/barcode/code128/encode.go:28.37,30.3 1 24
github.com/takt-corp/barcode/code128/encode.go:31.2,31.38 1 28
github.com/takt-corp/barcode/code128/encode.go:31.38,32.39 1 51
github.com/takt-corp/barcode/code128/encode.go:32.39,34.39 2 5
github.com/takt-corp/barcode/code128/encode.go:34.39,36.5 1 2
github.com/takt-corp/barcode/code128/encode.go:37.4,37.12 1 3
github.com/takt-corp/barcode/code128/encode.go:39.3,39.47 1 46
github.com/takt-corp/barcode/code128/encode.go:39.47,41.4 1 15
github.com/takt-corp/barcode/code128/encode.go:43.2,43.13 1 11
github.com/takt-corp/barcode/code128/encode.go:46.51,48.2 1 96
github.com/takt-corp/barcode/code128/encode.go:50.63,52.73 2 41
github.com/takt-corp/barcode/code128/encode.go:52.73,54.3 1 10
github.com/takt-corp/barcode/code128/encode.go:55.2,55.22 1 31
github.com/takt-corp/barcode/code128/encode.go:55.22,56.31 1 10
github.com/takt-corp/barcode/code128/encode.go:56.31,57.37 1 45
github.com/takt-corp/barcode/code128/encode.go:57.37,58.13 1 41
github.com/takt-corp/barcode/code128/encode.go:60.4,60.43 1 4
github.com/takt-corp/barcode/code128/encode.go:60.43,62.5 1 3
github.com/takt-corp/barcode/code128/encode.go:63.4,63.9 1 1
github.com/takt-corp/barcode/code128/encode.go:66.2,66.14 1 28
github.com/takt-corp/barcode/code128/encode.go:69.54,72.36 3 11
github.com/takt-corp/barcode/code128/encode.go:72.36,73.48 1 47
github.com/takt-corp/barcode/code128/encode.go:73.48,74.35 1 9
github.com/takt-corp/barcode/code128/encode.go:74.35,75.31 1 3
github.com/takt-corp/barcode/code128/encode.go:75.31,77.6 1 2
github.com/takt-corp/barcode/code128/encode.go:77.11,79.6 1 1
github.com/takt-corp/barcode/code128/encode.go:80.5,80.31 1 3
github.com/takt-corp/barcode/code128/encode.go:82.4,82.26 1 9
github.com/takt-corp/barcode/code128/encode.go:82.26,84.5 1 1
github.com/takt-corp/barcode/code128/encode.go:84.10,89.5 4 8
github.com/takt-corp/barcode/code128/encode.go:90.9,90.55 1 38
github.com/takt-corp/barcode/code128/encode.go:90.55,91.35 1 10
github.com/takt-corp/barcode/code128/encode.go:91.35,92.31 1 3
github.com/takt-corp/barcode/code128/encode.go:92.31,94.6 1 2
github.com/takt-corp/barcode/code128/encode.go:94.11,96.6 1 1
github.com/takt-corp/barcode/code128/encode.go:97.5,97.31 1 3
github.com/takt-corp/barcode/code128/encode.go:99.4,100.22 2 10
github.com/takt-corp/barcode/code128/encode.go:101.14,102.14 1 0
github.com/takt-corp/barcode/code128/encode.go:103.14,104.13 1 0
github.com/takt-corp/barcode/code128/encode.go:105.14,106.13 1 2
github.com/takt-corp/barcode/code128/encode.go:107.14,108.14 1 0
github.com/takt-corp/barcode/code128/encode.go:109.12,110.48 1 8
github.com/takt-corp/barcode/code128/encode.go:113.4,113.15 1 10
github.com/takt-corp/barcode/code128/encode.go:113.15,115.5 1 0
github.com/takt-corp/barcode/code128/encode.go:117.4,117.29 1 10
github.com/takt-corp/barcode/code128/encode.go:118.9,119.35 1 28
github.com/takt-corp/barcode/code128/encode.go:119.35,120.31 1 8
github.com/takt-corp/barcode/code128/encode.go:120.31,122.6 1 7
github.com/takt-corp/barcode/code128/encode.go:122.11,124.6 1 1
github.com/takt-corp/barcode/code128/encode.go:125.5,125.31 1 8
github.com/takt-corp/barcode/code128/encode.go:127.4,128.22 2 28
github.com/takt-corp/barcode/code128/encode.go:129.14,130.14 1 1
github.com/takt-corp/barcode/code128/encode.go:131.14,132.13 1 1
github.com/takt-corp/barcode/code128/encode.go:133.14,134.13 1 2
github.com/takt-corp/barcode/code128/encode.go:135.14,136.14 1 1
github.com/takt-corp/barcode/code128/encode.go:137.12,138.48 1 23
github.com/takt-corp/barcode/code128/encode.go:141.4,141.15 1 28
github.com/takt-corp/barcode/code128/encode.go:141.15,143.5 1 1
github.com/takt-corp/barcode/code128/encode.go:145.4,145.29 1 27
github.com/takt-corp/barcode/code128/encode.go:148.2,148.15 1 10
github.com/takt-corp/barcode/code128/encode.go:152.59,154.54 2 12
github.com/takt-corp/barcode/code128/encode.go:154.54,156.3 1 1
github.com/takt-corp/barcode/code128/encode.go:157.2,159.20 2 11
github.com/takt-corp/barcode/code128/encode.go:159.20,161.3 1 1
github.com/takt-corp/barcode/code128/encode.go:163.2,165.41 3 10
github.com/takt-corp/barcode/code128/encode.go:165.41,166.13 1 59
github.com/takt-corp/barcode/code128/encode.go:166.13,168.4 1 10
github.com/takt-corp/barcode/code128/encode.go:168.9,170.4 1 49
github.com/takt-corp/barcode/code128/encode.go:171.3,171.39 1 59
github.com/takt-corp/barcode/code128/encode.go:173.2,176.83 4 10
github.com/takt-corp/barcode/code128/encode.go:179.69,181.54 2 0
github.com/takt-corp/barcode/code128/encode.go:181.54,183.3 1 0
github.com/takt-corp/barcode/code128/encode.go:184.2,186.20 2 0
github.com/takt-corp/barcode/code128/encode.go:186.20,188.3 1 0
github.com/takt-corp/barcode/code128/encode.go:190.2,191.41 2 0
github.com/takt-corp/barcode/code128/encode.go:191.41,193.3 1 0
github.com/takt-corp/barcode/code128/encode.go:194.2,195.67 2 0
github.com/takt-corp/barcode/aztec/azteccode.go:18.40,20.2 1 2
github.com/takt-corp/barcode/aztec/azteccode.go:22.38,24.2 1 0
github.com/takt-corp/barcode/aztec/azteccode.go:26.49,31.2 1 0
github.com/takt-corp/barcode/aztec/azteccode.go:33.46,35.2 1 0
github.com/takt-corp/barcode/aztec/azteccode.go:37.46,39.2 1 0
github.com/takt-corp/barcode/aztec/azteccode.go:41.46,42.28 1 0
github.com/takt-corp/barcode/aztec/azteccode.go:42.28,44.3 1 0
github.com/takt-corp/barcode/aztec/azteccode.go:45.2,45.20 1 0
github.com/takt-corp/barcode/aztec/azteccode.go:48.35,50.2 1 1154
github.com/takt-corp/barcode/aztec/azteccode.go:52.37,54.30 2 2
github.com/takt-corp/barcode/aztec/azteccode.go:54.30,55.31 1 64
github.com/takt-corp/barcode/aztec/azteccode.go:55.31,56.30 1 2210
github.com/takt-corp/barcode/aztec/azteccode.go:56.30,58.5 1 1064
github.com/takt-corp/barcode/aztec/azteccode.go:58.10,60.5 1 1146
github.com/takt-corp/barcode/aztec/azteccode.go:62.3,62.22 1 64
github.com/takt-corp/barcode/aztec/azteccode.go:64.2,64.21 1 2
github.com/takt-corp/barcode/aztec/encoder.go:25.53,27.13 2 10
github.com/takt-corp/barcode/aztec/encoder.go:27.13,29.3 1 7
github.com/takt-corp/barcode/aztec/encoder.go:30.2,30.35 1 10
github.com/takt-corp/barcode/aztec/encoder.go:33.66,37.35 4 9
github.com/takt-corp/barcode/aztec/encoder.go:37.35,39.33 2 185
github.com/takt-corp/barcode/aztec/encoder.go:39.33,40.36 1 1359
github.com/takt-corp/barcode/aztec/encoder.go:40.36,42.5 1 568
github.com/takt-corp/barcode/aztec/encoder.go:44.3,44.28 1 185
github.com/takt-corp/barcode/aztec/encoder.go:44.28,47.4 2 7
github.com/takt-corp/barcode/aztec/encoder.go:47.9,47.32 1 178
github.com/takt-corp/barcode/aztec/encoder.go:47.32,50.4 2 11
github.com/takt-corp/barcode/aztec/encoder.go:50.9,52.4 1 167
github.com/takt-corp/barcode/aztec/encoder.go:54.2,54.12 1 9
github.com/takt-corp/barcode/aztec/encoder.go:57.87,59.13 2 6
github.com/takt-corp/barcode/aztec/encoder.go:59.13,63.3 3 3
github.com/takt-corp/barcode/aztec/encoder.go:63.8,67.3 3 3
github.com/takt-corp/barcode/aztec/encoder.go:68.2,68.20 1 6
github.com/takt-corp/barcode/aztec/encoder.go:71.99,73.13 2 2
github.com/takt-corp/barcode/aztec/encoder.go:73.13,74.26 1 1
github.com/takt-corp/barcode/aztec/encoder.go:74.26,76.29 2 7
github.com/takt-corp/barcode/aztec/encoder.go:76.29,78.5 1 5
github.com/takt-corp/barcode/aztec/encoder.go:79.4,79.33 1 7
github.com/takt-corp/barcode/aztec/encoder.go:79.33,81.5 1 5
github.com/takt-corp/barcode/aztec/encoder.go:82.4,82.34 1 7
github.com/takt-corp/barcode/aztec/encoder.go:82.34,84.5 1 6
github.com/takt-corp/barcode/aztec/encoder.go:85.4,85.34 1 7
github.com/takt-corp/barcode/aztec/encoder.go:85.34,87.5 1 5
github.com/takt-corp/barcode/aztec/encoder.go:89.8,90.27 1 1
github.com/takt-corp/barcode/aztec/encoder.go:90.27,92.29 2 10
github.com/takt-corp/barcode/aztec/encoder.go:92.29,94.5 1 3
github.com/takt-corp/barcode/aztec/encoder.go:95.4,95.34 1 10
github.com/takt-corp/barcode/aztec/encoder.go:95.34,97.5 1 7
github.com/takt-corp/barcode/aztec/encoder.go:98.4,98.34 1 10
github.com/takt-corp/barcode/aztec/encoder.go:98.34,100.5 1 8
github.com/takt-corp/barcode/aztec/encoder.go:101.4,101.34 1 10
github.com/takt-corp/barcode/aztec/encoder.go:101.34,103.5 1 4
github.com/takt-corp/barcode/aztec/encoder.go:108.56,109.31 1 2
github.com/takt-corp/barcode/aztec/encoder.go:109.31,110.43 1 7
github.com/takt-corp/barcode/aztec/encoder.go:110.43,115.4 4 43
github.com/takt-corp/barcode/aztec/encoder.go:117.2,122.40 6 2
github.com/takt-corp/barcode/aztec/encoder.go:126.95,133.43 7 2
github.com/takt-corp/barcode/aztec/encoder.go:133.43,135.14 2 0
github.com/takt-corp/barcode/aztec/encoder.go:135.14,137.4 1 0
github.com/takt-corp/barcode/aztec/encoder.go:137.9,139.4 1 0
github.com/takt-corp/barcode/aztec/encoder.go:140.3,140.86 1 0
github.com/takt-corp/barcode/aztec/encoder.go:140.86,142.4 1 0
github.com/takt-corp/barcode/aztec/encoder.go:143.3,147.53 5 0
github.com/takt-corp/barcode/aztec/encoder.go:147.53,149.4 1 0
github.com/takt-corp/barcode/aztec/encoder.go:150.3,150.49 1 0
github.com/takt-corp/barcode/aztec/encoder.go:150.49,152.4 1 0
github.com/takt-corp/barcode/aztec/encoder.go:153.8,159.21 3 2
github.com/takt-corp/barcode/aztec/encoder.go:159.21,160.23 1 10
github.com/takt-corp/barcode/aztec/encoder.go:160.23,162.5 1 0
github.com/takt-corp/barcode/aztec/encoder.go:163.4,165.15 3 10
github.com/takt-corp/barcode/aztec/encoder.go:165.15,167.5 1 7
github.com/takt-corp/barcode/aztec/encoder.go:168.4,169.40 2 10
github.com/takt-corp/barcode/aztec/encoder.go:169.40,170.13 1 8
github.com/takt-corp/barcode/aztec/encoder.go:174.4,174.37 1 2
github.com/takt-corp/barcode/aztec/encoder.go:174.37,177.5 2 2
github.com/takt-corp/barcode/aztec/encoder.go:178.4,179.50 2 2
github.com/takt-corp/barcode/aztec/encoder.go:179.50,181.13 1 0
github.com/takt-corp/barcode/aztec/encoder.go:183.4,183.55 1 2
github.com/takt-corp/barcode/aztec/encoder.go:183.55,184.10 1 2
github.com/takt-corp/barcode/aztec/encoder.go:188.2,194.13 5 2
github.com/takt-corp/barcode/aztec/encoder.go:194.13,196.3 1 1
github.com/takt-corp/barcode/aztec/encoder.go:196.8,198.3 1 1
github.com/takt-corp/barcode/aztec/encoder.go:199.2,202.13 3 2
github.com/takt-corp/barcode/aztec/encoder.go:202.13,205.42 2 1
github.com/takt-corp/barcode/aztec/encoder.go:205.42,207.4 1 23
github.com/takt-corp/barcode/aztec/encoder.go:208.8,212.35 4 1
github.com/takt-corp/barcode/aztec/encoder.go:212.35,216.4 3 19
github.com/takt-corp/barcode/aztec/encoder.go:218.2,222.44 3 2
github.com/takt-corp/barcode/aztec/encoder.go:222.44,224.14 2 9
github.com/takt-corp/barcode/aztec/encoder.go:224.14,226.4 1 3
github.com/takt-corp/barcode/aztec/encoder.go:226.9,228.4 1 6
github.com/takt-corp/barcode/aztec/encoder.go:230.3,230.32 1 9
github.com/takt-corp/barcode/aztec/encoder.go:230.32,232.27 2 207
github.com/takt-corp/barcode/aztec/encoder.go:232.27,233.57 1 414
github.com/takt-corp/barcode/aztec/encoder.go:233.57,235.6 1 177
github.com/takt-corp/barcode/aztec/encoder.go:236.5,236.69 1 414
github.com/takt-corp/barcode/aztec/encoder.go:236.69,238.6 1 184
github.com/takt-corp/barcode/aztec/encoder.go:239.5,239.69 1 414
github.com/takt-corp/barcode/aztec/encoder.go:239.69,241.6 1 212
github.com/takt-corp/barcode/aztec/encoder.go:242.5,242.69 1 414
github.com/takt-corp/barcode/aztec/encoder.go:242.69,244.6 1 186
github.com/takt-corp/barcode/aztec/encoder.go:247.3,247.27 1 9
github.com/takt-corp/barcode/aztec/encoder.go:251.2,254.13 2 2
github.com/takt-corp/barcode/aztec/encoder.go:254.13,256.3 1 1
github.com/takt-corp/barcode/aztec/encoder.go:256.8,258.63 2 1
github.com/takt-corp/barcode/aztec/encoder.go:258.63,259.58 1 2
github.com/takt-corp/barcode/aztec/encoder.go:259.58,264.5 4 42
github.com/takt-corp/barcode/aztec/encoder.go:267.2,267.18 1 2
github.com/takt-corp/barcode/aztec/errorcorrection.go:7.81,10.33 2 8
github.com/takt-corp/barcode/aztec/errorcorrection.go:10.33,12.33 2 159
github.com/takt-corp/barcode/aztec/errorcorrection.go:12.33,13.42 1 1200
github.com/takt-corp/barcode/aztec/errorcorrection.go:13.42,15.5 1 527
github.com/takt-corp/barcode/aztec/errorcorrection.go:17.3,17.21 1 159
github.com/takt-corp/barcode/aztec/errorcorrection.go:19.2,19.16 1 8
github.com/takt-corp/barcode/aztec/errorcorrection.go:22.86,37.43 10 8
github.com/takt-corp/barcode/aztec/errorcorrection.go:37.43,39.3 1 159
github.com/takt-corp/barcode/aztec/errorcorrection.go:40.2,40.35 1 8
github.com/takt-corp/barcode/aztec/errorcorrection.go:40.35,42.3 1 99
github.com/takt-corp/barcode/aztec/errorcorrection.go:43.2,43.20 1 8
github.com/takt-corp/barcode/aztec/errorcorrection.go:46.45,47.18 1 8
github.com/takt-corp/barcode/aztec/errorcorrection.go:48.9,49.43 1 6
github.com/takt-corp/barcode/aztec/errorcorrection.go:50.9,51.43 1 0
github.com/takt-corp/barcode/aztec/errorcorrection.go:52.9,53.46 1 2
github.com/takt-corp/barcode/aztec/errorcorrection.go:54.10,55.46 1 0
github.com/takt-corp/barcode/aztec/errorcorrection.go:56.10,57.47 1 0
github.com/takt-corp/barcode/aztec/errorcorrection.go:58.10,59.13 1 0
github.com/takt-corp/barcode/aztec/highlevel.go:7.50,10.45 2 88
github.com/takt-corp/barcode/aztec/highlevel.go:10.45,13.26 3 48098
github.com/takt-corp/barcode/aztec/highlevel.go:13.26,15.4 1 48010
github.com/takt-corp/barcode/aztec/highlevel.go:17.3,17.30 1 48098
github.com/takt-corp/barcode/aztec/highlevel.go:18.40,19.16 1 0
github.com/takt-corp/barcode/aztec/highlevel.go:20.38,21.16 1 3
github.com/takt-corp/barcode/aztec/highlevel.go:22.38,23.16 1 0
github.com/takt-corp/barcode/aztec/highlevel.go:24.38,25.16 1 0
github.com/takt-corp/barcode/aztec/highlevel.go:27.3,27.19 1 48098
github.com/takt-corp/barcode/aztec/highlevel.go:27.19,32.4 2 3
github.com/takt-corp/barcode/aztec/highlevel.go:32.9,35.4 1 48095
github.com/takt-corp/barcode/aztec/highlevel.go:37.2,39.27 3 88
github.com/takt-corp/barcode/aztec/highlevel.go:39.27,40.29 1 192
github.com/takt-corp/barcode/aztec/highlevel.go:40.29,43.4 2 131
github.com/takt-corp/barcode/aztec/highlevel.go:45.2,45.19 1 88
github.com/takt-corp/barcode/aztec/highlevel.go:45.19,47.3 1 88
github.com/takt-corp/barcode/aztec/highlevel.go:47.8,49.3 1 0
github.com/takt-corp/barcode/aztec/highlevel.go:52.51,54.34 2 48098
github.com/takt-corp/barcode/aztec/highlevel.go:54.34,58.35 3 73414
github.com/takt-corp/barcode/aztec/highlevel.go:58.35,59.55 1 28067
github.com/takt-corp/barcode/aztec/highlevel.go:59.55,61.5 1 671
github.com/takt-corp/barcode/aztec/highlevel.go:62.4,62.58 1 28067
github.com/takt-corp/barcode/aztec/highlevel.go:62.58,64.5 1 27880
github.com/takt-corp/barcode/aztec/highlevel.go:67.3,67.10 1 73414
github.com/takt-corp/barcode/aztec/highlevel.go:67.10,69.4 1 72743
github.com/takt-corp/barcode/aztec/highlevel.go:69.9,71.4 1 671
github.com/takt-corp/barcode/aztec/highlevel.go:75.2,75.15 1 48098
github.com/takt-corp/barcode/aztec/highlevel.go:81.83,83.27 2 48095
github.com/takt-corp/barcode/aztec/highlevel.go:83.27,84.58 1 72448
github.com/takt-corp/barcode/aztec/highlevel.go:84.58,86.4 1 72448
github.com/takt-corp/barcode/aztec/highlevel.go:88.2,88.31 1 48095
github.com/takt-corp/barcode/aztec/highlevel.go:94.70,100.53 5 72448
github.com/takt-corp/barcode/aztec/highlevel.go:100.53,102.21 2 362240
github.com/takt-corp/barcode/aztec/highlevel.go:102.21,103.28 1 1185
github.com/takt-corp/barcode/aztec/highlevel.go:103.28,106.5 1 999
github.com/takt-corp/barcode/aztec/highlevel.go:108.4,108.67 1 1185
github.com/takt-corp/barcode/aztec/highlevel.go:108.67,115.5 2 1068
github.com/takt-corp/barcode/aztec/highlevel.go:117.4,117.68 1 1185
github.com/takt-corp/barcode/aztec/highlevel.go:117.68,122.5 2 196
github.com/takt-corp/barcode/aztec/highlevel.go:125.2,125.55 1 72448
github.com/takt-corp/barcode/aztec/highlevel.go:125.55,131.3 2 72137
github.com/takt-corp/barcode/aztec/highlevel.go:132.2,132.15 1 72448
github.com/takt-corp/barcode/aztec/highlevel.go:138.97,140.27 2 3
github.com/takt-corp/barcode/aztec/highlevel.go:140.27,141.68 1 4
github.com/takt-corp/barcode/aztec/highlevel.go:141.68,143.4 1 4
github.com/takt-corp/barcode/aztec/highlevel.go:145.2,145.31 1 3
github.com/takt-corp/barcode/aztec/highlevel.go:148.84,153.26 4 4
github.com/takt-corp/barcode/aztec/highlevel.go:153.26,157.3 1 4
github.com/takt-corp/barcode/aztec/highlevel.go:158.2,158.36 1 4
github.com/takt-corp/barcode/aztec/highlevel.go:158.36,164.3 2 4
github.com/takt-corp/barcode/aztec/highlevel.go:165.2,165.27 1 4
github.com/takt-corp/barcode/aztec/highlevel.go:165.27,169.3 1 1
github.com/takt-corp/barcode/aztec/highlevel.go:170.2,170.15 1 4
github.com/takt-corp/barcode/aztec/state.go:97.13,106.30 8 1
github.com/takt-corp/barcode/aztec/state.go:106.30,108.3 1 26
github.com/takt-corp/barcode/aztec/state.go:110.2,111.30 2 1
github.com/takt-corp/barcode/aztec/state.go:111.30,113.3 1 26
github.com/takt-corp/barcode/aztec/state.go:114.2,115.30 2 1
github.com/takt-corp/barcode/aztec/state.go:115.30,117.3 1 10
github.com/takt-corp/barcode/aztec/state.go:118.2,126.31 4 1
github.com/takt-corp/barcode/aztec/state.go:126.31,128.3 1 28
github.com/takt-corp/barcode/aztec/state.go:130.2,135.31 2 1
github.com/takt-corp/barcode/aztec/state.go:135.31,136.12 1 31
github.com/takt-corp/barcode/aztec/state.go:136.12,138.4 1 26
github.com/takt-corp/barcode/aztec/state.go:142.40,143.22 1 2560
github.com/takt-corp/barcode/aztec/state.go:143.22,145.3 1 448
github.com/takt-corp/barcode/aztec/state.go:146.2,146.10 1 2112
github.com/takt-corp/barcode/aztec/state.go:151.69,155.20 3 1080
github.com/takt-corp/barcode/aztec/state.go:155.20,159.3 3 596
github.com/takt-corp/barcode/aztec/state.go:160.2,166.3 2 1080
github.com/takt-corp/barcode/aztec/state.go:171.69,184.2 4 200
github.com/takt-corp/barcode/aztec/state.go:188.54,192.50 4 72139
github.com/takt-corp/barcode/aztec/state.go:192.50,197.3 4 82
github.com/takt-corp/barcode/aztec/state.go:198.2,199.55 2 72139
github.com/takt-corp/barcode/aztec/state.go:199.55,201.3 1 387
github.com/takt-corp/barcode/aztec/state.go:201.8,201.36 1 71752
github.com/takt-corp/barcode/aztec/state.go:201.36,203.3 1 47
github.com/takt-corp/barcode/aztec/state.go:204.2,210.39 2 72139
github.com/takt-corp/barcode/aztec/state.go:210.39,213.3 1 23
github.com/takt-corp/barcode/aztec/state.go:215.2,215.15 1 72139
github.com/takt-corp/barcode/aztec/state.go:220.50,221.28 1 1114
github.com/takt-corp/barcode/aztec/state.go:221.28,223.3 1 565
github.com/takt-corp/barcode/aztec/state.go:224.2,230.3 2 549
github.com/takt-corp/barcode/aztec/state.go:235.61,238.110 2 53571
github.com/takt-corp/barcode/aztec/state.go:238.110,240.3 1 26188
github.com/takt-corp/barcode/aztec/state.go:241.2,241.33 1 53571
github.com/takt-corp/barcode/aztec/state.go:244.55,248.45 3 88
github.com/takt-corp/barcode/aztec/state.go:248.45,250.3 1 564
github.com/takt-corp/barcode/aztec/state.go:251.2,252.40 2 88
github.com/takt-corp/barcode/aztec/state.go:252.40,254.3 1 564
github.com/takt-corp/barcode/aztec/state.go:255.2,255.12 1 88
github.com/takt-corp/barcode/aztec/state.go:258.33,260.44 2 0
github.com/takt-corp/barcode/aztec/state.go:260.44,262.3 1 0
github.com/takt-corp/barcode/aztec/state.go:263.2,263.96 1 0
github.com/takt-corp/barcode/aztec/token.go:27.65,29.2 1 2158
github.com/takt-corp/barcode/aztec/token.go:30.70,32.2 1 549
github.com/takt-corp/barcode/aztec/token.go:34.37,36.2 1 469
github.com/takt-corp/barcode/aztec/token.go:37.67,39.2 1 469
github.com/takt-corp/barcode/aztec/token.go:40.40,44.2 3 0
github.com/takt-corp/barcode/aztec/token.go:46.43,48.2 1 95
github.com/takt-corp/barcode/aztec/token.go:49.73,50.41 1 95
github.com/takt-corp/barcode/aztec/token.go:50.41,51.53 1 47706
github.com/takt-corp/barcode/aztec/token.go:51.53,55.30 2 113
github.com/takt-corp/barcode/aztec/token.go:55.30,57.5 1 30
github.com/takt-corp/barcode/aztec/token.go:57.10,57.21 1 83
github.com/takt-corp/barcode/aztec/token.go:57.21,59.31 1 65
github.com/takt-corp/barcode/aztec/token.go:59.31,61.6 1 43
github.com/takt-corp/barcode/aztec/token.go:61.11,63.6 1 22
github.com/takt-corp/barcode/aztec/token.go:64.10,67.5 1 18
github.com/takt-corp/barcode/aztec/token.go:69.3,69.40 1 47706
github.com/takt-corp/barcode/aztec/token.go:73.46,75.2 1 0
github.com/takt-corp/barcode/code93/encoder.go:66.46,68.28 2 0
github.com/takt-corp/barcode/code93/encoder.go:68.28,69.14 1 0
github.com/takt-corp/barcode/code93/encoder.go:69.14,71.4 1 0
github.com/takt-corp/barcode/code93/encoder.go:72.3,72.34 1 0
github.com/takt-corp/barcode/code93/encoder.go:74.2,74.20 1 0
github.com/takt-corp/barcode/code93/encoder.go:79.96,80.19 1 1
github.com/takt-corp/barcode/code93/encoder.go:80.19,83.17 3 0
github.com/takt-corp/barcode/code93/encoder.go:83.17,85.4 1 0
github.com/takt-corp/barcode/code93/encoder.go:86.8,86.47 1 1
github.com/takt-corp/barcode/code93/encoder.go:86.47,88.3 1 0
github.com/takt-corp/barcode/code93/encoder.go:90.2,96.25 5 1
github.com/takt-corp/barcode/code93/encoder.go:96.25,98.10 2 40
github.com/takt-corp/barcode/code93/encoder.go:98.10,100.4 1 0
github.com/takt-corp/barcode/code93/encoder.go:101.3,101.31 1 40
github.com/takt-corp/barcode/code93/encoder.go:103.2,105.66 2 1
github.com/takt-corp/barcode/code93/encoder.go:108.54,113.38 4 4
github.com/takt-corp/barcode/code93/encoder.go:113.38,116.10 3 86
github.com/takt-corp/barcode/code93/encoder.go:116.10,118.4 1 0
github.com/takt-corp/barcode/code93/encoder.go:119.3,120.35 2 86
github.com/takt-corp/barcode/code93/encoder.go:120.35,122.4 1 3
github.com/takt-corp/barcode/code93/encoder.go:124.2,125.35 2 4
github.com/takt-corp/barcode/code93/encoder.go:125.35,126.26 1 143
github.com/takt-corp/barcode/code93/encoder.go:126.26,128.4 1 4
github.com/takt-corp/barcode/code93/encoder.go:130.2,130.12 1 0
github.com/takt-corp/barcode/pdf417/codewords.go:414.45,416.2 1 0
github.com/takt-corp/barcode/pdf417/dimensions.go:14.45,16.28 2 0
github.com/takt-corp/barcode/pdf417/dimensions.go:16.28,18.3 1 0
github.com/takt-corp/barcode/pdf417/dimensions.go:19.2,19.10 1 0
github.com/takt-corp/barcode/pdf417/dimensions.go:22.63,27.38 4 0
github.com/takt-corp/barcode/pdf417/dimensions.go:27.38,30.18 2 0
github.com/takt-corp/barcode/pdf417/dimensions.go:30.18,31.9 1 0
github.com/takt-corp/barcode/pdf417/dimensions.go:34.3,34.18 1 0
github.com/takt-corp/barcode/pdf417/dimensions.go:34.18,35.12 1 0
github.com/takt-corp/barcode/pdf417/dimensions.go:38.3,39.88 2 0
github.com/takt-corp/barcode/pdf417/dimensions.go:39.88,40.12 1 0
github.com/takt-corp/barcode/pdf417/dimensions.go:43.3,45.11 3 0
github.com/takt-corp/barcode/pdf417/dimensions.go:48.2,48.15 1 0
github.com/takt-corp/barcode/pdf417/dimensions.go:48.15,50.18 2 0
github.com/takt-corp/barcode/pdf417/dimensions.go:50.18,53.4 2 0
github.com/takt-corp/barcode/pdf417/dimensions.go:56.2,56.8 1 0
github.com/takt-corp/barcode/pdf417/encoder.go:18.71,19.24 1 0
github.com/takt-corp/barcode/pdf417/encoder.go:19.24,21.3 1 0
github.com/takt-corp/barcode/pdf417/encoder.go:23.2,26.16 3 0
github.com/takt-corp/barcode/pdf417/encoder.go:26.16,28.3 1 0
github.com/takt-corp/barcode/pdf417/encoder.go:30.2,31.80 2 0
github.com/takt-corp/barcode/pdf417/encoder.go:31.80,33.3 1 0
github.com/takt-corp/barcode/pdf417/encoder.go:35.2,39.16 4 0
github.com/takt-corp/barcode/pdf417/encoder.go:39.16,41.3 1 0
github.com/takt-corp/barcode/pdf417/encoder.go:43.2,44.47 2 0
github.com/takt-corp/barcode/pdf417/encoder.go:44.47,46.3 1 0
github.com/takt-corp/barcode/pdf417/encoder.go:48.2,50.32 2 0
github.com/takt-corp/barcode/pdf417/encoder.go:50.32,57.28 5 0
github.com/takt-corp/barcode/pdf417/encoder.go:57.28,59.4 1 0
github.com/takt-corp/barcode/pdf417/encoder.go:61.3,64.34 3 0
github.com/takt-corp/barcode/pdf417/encoder.go:67.2,70.21 3 0
github.com/takt-corp/barcode/pdf417/encoder.go:73.80,87.2 8 0
github.com/takt-corp/barcode/pdf417/encoder.go:89.81,94.17 3 0
github.com/takt-corp/barcode/pdf417/encoder.go:95.9,96.21 1 0
github.com/takt-corp/barcode/pdf417/encoder.go:97.9,99.22 2 0
github.com/takt-corp/barcode/pdf417/encoder.go:100.9,101.18 1 0
github.com/takt-corp/barcode/pdf417/encoder.go:104.2,104.26 1 0
github.com/takt-corp/barcode/pdf417/encoder.go:107.82,112.17 3 0
github.com/takt-corp/barcode/pdf417/encoder.go:113.9,114.18 1 0
github.com/takt-corp/barcode/pdf417/encoder.go:115.9,116.21 1 0
github.com/takt-corp/barcode/pdf417/encoder.go:117.9,119.22 2 0
github.com/takt-corp/barcode/pdf417/encoder.go:122.2,122.26 1 0
github.com/takt-corp/barcode/pdf417/encoder.go:125.24,126.12 1 0
github.com/takt-corp/barcode/pdf417/encoder.go:126.12,128.3 1 0
github.com/takt-corp/barcode/pdf417/encoder.go:129.2,129.10 1 0
github.com/takt-corp/barcode/pdf417/encoder.go:132.64,138.13 4 0
github.com/takt-corp/barcode/pdf417/encoder.go:138.13,141.33 3 0
github.com/takt-corp/barcode/pdf417/encoder.go:141.33,143.4 1 0
github.com/takt-corp/barcode/pdf417/encoder.go:146.2,146.16 1 0
github.com/takt-corp/barcode/pdf417/encoder.go:149.50,151.28 2 0
github.com/takt-corp/barcode/pdf417/encoder.go:151.28,153.27 2 0
github.com/takt-corp/barcode/pdf417/encoder.go:153.27,154.20 1 0
github.com/takt-corp/barcode/pdf417/encoder.go:154.20,156.5 1 0
github.com/takt-corp/barcode/pdf417/encoder.go:156.10,158.5 1 0
github.com/takt-corp/barcode/pdf417/encoder.go:161.2,161.11 1 0
github.com/takt-corp/barcode/pdf417/errorcorrection.go:5.59,7.2 1 9
github.com/takt-corp/barcode/pdf417/errorcorrection.go:120.54,130.29 4 9
github.com/takt-corp/barcode/pdf417/errorcorrection.go:130.29,133.35 2 144
github.com/takt-corp/barcode/pdf417/errorcorrection.go:133.35,136.13 2 16352
github.com/takt-corp/barcode/pdf417/errorcorrection.go:136.13,138.5 1 16208
github.com/takt-corp/barcode/pdf417/errorcorrection.go:140.4,140.66 1 16352
github.com/takt-corp/barcode/pdf417/errorcorrection.go:144.2,144.33 1 9
github.com/takt-corp/barcode/pdf417/errorcorrection.go:144.33,145.15 1 1022
github.com/takt-corp/barcode/pdf417/errorcorrection.go:145.15,147.4 1 1021
github.com/takt-corp/barcode/pdf417/errorcorrection.go:150.2,150.16 1 9
github.com/takt-corp/barcode/pdf417/highlevel.go:38.13,44.32 3 1
github.com/takt-corp/barcode/pdf417/highlevel.go:44.32,45.13 1 30
github.com/takt-corp/barcode/pdf417/highlevel.go:45.13,47.4 1 26
github.com/takt-corp/barcode/pdf417/highlevel.go:50.2,55.32 3 1
github.com/takt-corp/barcode/pdf417/highlevel.go:55.32,56.13 1 30
github.com/takt-corp/barcode/pdf417/highlevel.go:56.13,58.4 1 29
github.com/takt-corp/barcode/pdf417/highlevel.go:62.54,64.25 2 30
github.com/takt-corp/barcode/pdf417/highlevel.go:64.25,65.31 1 46
github.com/takt-corp/barcode/pdf417/highlevel.go:65.31,66.9 1 26
github.com/takt-corp/barcode/pdf417/highlevel.go:68.3,68.8 1 20
github.com/takt-corp/barcode/pdf417/highlevel.go:70.2,70.12 1 30
github.com/takt-corp/barcode/pdf417/highlevel.go:73.50,76.24 3 1
github.com/takt-corp/barcode/pdf417/highlevel.go:76.24,78.3 1 1
github.com/takt-corp/barcode/pdf417/highlevel.go:80.2,82.34 2 1
github.com/takt-corp/barcode/pdf417/highlevel.go:82.34,85.23 3 1
github.com/takt-corp/barcode/pdf417/highlevel.go:85.23,87.4 1 1
github.com/takt-corp/barcode/pdf417/highlevel.go:88.3,93.10 4 1
github.com/takt-corp/barcode/pdf417/highlevel.go:93.10,95.4 1 0
github.com/takt-corp/barcode/pdf417/highlevel.go:97.3,99.39 2 1
github.com/takt-corp/barcode/pdf417/highlevel.go:99.39,103.4 3 2
github.com/takt-corp/barcode/pdf417/highlevel.go:105.3,105.40 1 1
github.com/takt-corp/barcode/pdf417/highlevel.go:108.2,108.23 1 1
github.com/takt-corp/barcode/pdf417/highlevel.go:111.52,114.31 2 4
github.com/takt-corp/barcode/pdf417/highlevel.go:114.31,116.3 1 19
github.com/takt-corp/barcode/pdf417/highlevel.go:118.2,118.25 1 4
github.com/takt-corp/barcode/pdf417/highlevel.go:118.25,120.78 2 25
github.com/takt-corp/barcode/pdf417/highlevel.go:120.78,121.9 1 0
github.com/takt-corp/barcode/pdf417/highlevel.go:124.3,124.11 1 25
github.com/takt-corp/barcode/pdf417/highlevel.go:126.2,126.15 1 4
github.com/takt-corp/barcode/pdf417/highlevel.go:129.64,130.37 1 4
github.com/takt-corp/barcode/pdf417/highlevel.go:130.37,132.3 1 14
github.com/takt-corp/barcode/pdf417/highlevel.go:133.2,133.37 1 4
github.com/takt-corp/barcode/pdf417/highlevel.go:133.37,135.3 1 15
github.com/takt-corp/barcode/pdf417/highlevel.go:136.2,136.32 1 4
github.com/takt-corp/barcode/pdf417/highlevel.go:136.32,139.3 2 10
github.com/takt-corp/barcode/pdf417/highlevel.go:140.2,140.38 1 4
github.com/takt-corp/barcode/pdf417/highlevel.go:140.38,143.3 2 0
github.com/takt-corp/barcode/pdf417/highlevel.go:145.2,147.22 3 4
github.com/takt-corp/barcode/pdf417/highlevel.go:147.22,149.18 2 30
github.com/takt-corp/barcode/pdf417/highlevel.go:150.17,151.24 1 12
github.com/takt-corp/barcode/pdf417/highlevel.go:151.24,152.18 1 8
github.com/takt-corp/barcode/pdf417/highlevel.go:152.18,154.6 1 0
github.com/takt-corp/barcode/pdf417/highlevel.go:154.11,156.6 1 8
github.com/takt-corp/barcode/pdf417/highlevel.go:157.10,158.25 1 4
github.com/takt-corp/barcode/pdf417/highlevel.go:158.25,161.14 3 2
github.com/takt-corp/barcode/pdf417/highlevel.go:162.11,162.27 1 2
github.com/takt-corp/barcode/pdf417/highlevel.go:162.27,165.14 3 2
github.com/takt-corp/barcode/pdf417/highlevel.go:166.11,169.11 3 0
github.com/takt-corp/barcode/pdf417/highlevel.go:173.17,174.24 1 11
github.com/takt-corp/barcode/pdf417/highlevel.go:174.24,175.18 1 10
github.com/takt-corp/barcode/pdf417/highlevel.go:175.18,177.6 1 2
github.com/takt-corp/barcode/pdf417/highlevel.go:177.11,179.6 1 8
github.com/takt-corp/barcode/pdf417/highlevel.go:180.10,181.25 1 1
github.com/takt-corp/barcode/pdf417/highlevel.go:181.25,184.11 3 0
github.com/takt-corp/barcode/pdf417/highlevel.go:185.11,185.27 1 1
github.com/takt-corp/barcode/pdf417/highlevel.go:185.27,188.14 3 0
github.com/takt-corp/barcode/pdf417/highlevel.go:189.11,192.11 3 1
github.com/takt-corp/barcode/pdf417/highlevel.go:196.17,197.19 1 7
github.com/takt-corp/barcode/pdf417/highlevel.go:197.19,199.5 1 6
github.com/takt-corp/barcode/pdf417/highlevel.go:199.10,200.25 1 1
github.com/takt-corp/barcode/pdf417/highlevel.go:200.25,203.14 3 1
github.com/takt-corp/barcode/pdf417/highlevel.go:204.11,204.32 1 0
github.com/takt-corp/barcode/pdf417/highlevel.go:204.32,207.14 3 0
github.com/takt-corp/barcode/pdf417/highlevel.go:208.11,209.27 1 0
github.com/takt-corp/barcode/pdf417/highlevel.go:209.27,211.30 2 0
github.com/takt-corp/barcode/pdf417/highlevel.go:211.30,214.16 3 0
github.com/takt-corp/barcode/pdf417/highlevel.go:217.6,218.37 2 0
github.com/takt-corp/barcode/pdf417/highlevel.go:222.11,223.25 1 0
github.com/takt-corp/barcode/pdf417/highlevel.go:223.25,225.5 1 0
github.com/takt-corp/barcode/pdf417/highlevel.go:225.10,228.13 3 0
github.com/takt-corp/barcode/pdf417/highlevel.go:231.3,231.8 1 25
github.com/takt-corp/barcode/pdf417/highlevel.go:234.2,236.26 3 4
github.com/takt-corp/barcode/pdf417/highlevel.go:236.26,237.15 1 31
github.com/takt-corp/barcode/pdf417/highlevel.go:237.15,240.4 2 14
github.com/takt-corp/barcode/pdf417/highlevel.go:240.9,242.4 1 17
github.com/takt-corp/barcode/pdf417/highlevel.go:245.2,245.21 1 4
github.com/takt-corp/barcode/pdf417/highlevel.go:245.21,247.3 1 3
github.com/takt-corp/barcode/pdf417/highlevel.go:249.2,249.24 1 4
github.com/takt-corp/barcode/pdf417/highlevel.go:252.54,255.21 2 0
github.com/takt-corp/barcode/pdf417/highlevel.go:255.21,257.40 2 0
github.com/takt-corp/barcode/pdf417/highlevel.go:257.40,258.9 1 0
github.com/takt-corp/barcode/pdf417/highlevel.go:260.3,261.20 2 0
github.com/takt-corp/barcode/pdf417/highlevel.go:261.20,262.9 1 0
github.com/takt-corp/barcode/pdf417/highlevel.go:264.3,264.11 1 0
github.com/takt-corp/barcode/pdf417/highlevel.go:266.2,266.15 1 0
github.com/takt-corp/barcode/pdf417/highlevel.go:269.62,273.40 3 2
github.com/takt-corp/barcode/pdf417/highlevel.go:273.40,275.3 1 0
github.com/takt-corp/barcode/pdf417/highlevel.go:275.8,275.29 1 2
github.com/takt-corp/barcode/pdf417/highlevel.go:275.29,277.3 1 1
github.com/takt-corp/barcode/pdf417/highlevel.go:277.8,279.3 1 1
github.com/takt-corp/barcode/pdf417/highlevel.go:281.2,283.16 2 2
github.com/takt-corp/barcode/pdf417/highlevel.go:283.16,285.26 2 2
github.com/takt-corp/barcode/pdf417/highlevel.go:285.26,287.27 2 2
github.com/takt-corp/barcode/pdf417/highlevel.go:287.27,290.5 2 12
github.com/takt-corp/barcode/pdf417/highlevel.go:291.4,291.27 1 2
github.com/takt-corp/barcode/pdf417/highlevel.go:291.27,294.5 2 10
github.com/takt-corp/barcode/pdf417/highlevel.go:295.4,296.12 2 2
github.com/takt-corp/barcode/pdf417/highlevel.go:300.2,300.31 1 2
github.com/takt-corp/barcode/pdf417/highlevel.go:300.31,302.3 1 4
github.com/takt-corp/barcode/pdf417/highlevel.go:303.2,303.15 1 2
github.com/takt-corp/barcode/pdf417/highlevel.go:306.53,314.20 5 5
github.com/takt-corp/barcode/pdf417/highlevel.go:314.20,316.69 2 5
github.com/takt-corp/barcode/pdf417/highlevel.go:316.69,321.18 5 1
github.com/takt-corp/barcode/pdf417/highlevel.go:321.18,323.5 1 0
github.com/takt-corp/barcode/pdf417/highlevel.go:324.4,325.30 2 1
github.com/takt-corp/barcode/pdf417/highlevel.go:326.9,328.48 2 4
github.com/takt-corp/barcode/pdf417/highlevel.go:328.48,329.32 1 4
github.com/takt-corp/barcode/pdf417/highlevel.go:329.32,333.6 3 0
github.com/takt-corp/barcode/pdf417/highlevel.go:334.5,337.28 4 4
github.com/takt-corp/barcode/pdf417/highlevel.go:338.10,340.25 2 0
github.com/takt-corp/barcode/pdf417/highlevel.go:340.25,342.6 1 0
github.com/takt-corp/barcode/pdf417/highlevel.go:343.5,344.51 2 0
github.com/takt-corp/barcode/pdf417/highlevel.go:344.51,347.6 2 0
github.com/takt-corp/barcode/pdf417/highlevel.go:348.5,350.30 3 0
github.com/takt-corp/barcode/pdf417/highlevel.go:355.2,355.20 1 5
github.com/takt-corp/barcode/pdf417/pdfcode.go:17.50,22.2 1 0
github.com/takt-corp/barcode/pdf417/pdfcode.go:24.39,26.2 1 0
github.com/takt-corp/barcode/pdf417/pdfcode.go:28.47,30.2 1 0
github.com/takt-corp/barcode/pdf417/pdfcode.go:32.47,36.2 2 0
github.com/takt-corp/barcode/pdf417/pdfcode.go:38.47,39.49 1 0
github.com/takt-corp/barcode/pdf417/pdfcode.go:39.49,41.3 1 0
github.com/takt-corp/barcode/pdf417/pdfcode.go:42.2,42.20 1 0
github.com/takt-corp/barcode/ean/encoder.go:81.37,84.25 3 9
github.com/takt-corp/barcode/ean/encoder.go:84.25,86.31 2 45
github.com/takt-corp/barcode/ean/encoder.go:86.31,88.4 1 4
github.com/takt-corp/barcode/ean/encoder.go:89.3,89.9 1 41
github.com/takt-corp/barcode/ean/encoder.go:89.9,91.4 1 22
github.com/takt-corp/barcode/ean/encoder.go:92.3,93.16 2 41
github.com/takt-corp/barcode/ean/encoder.go:96.2,96.48 1 5
github.com/takt-corp/barcode/ean/encoder.go:99.45,103.28 3 4
github.com/takt-corp/barcode/ean/encoder.go:103.28,105.10 2 18
github.com/takt-corp/barcode/ean/encoder.go:105.10,107.4 1 2
github.com/takt-corp/barcode/ean/encoder.go:108.3,109.15 2 16
github.com/takt-corp/barcode/ean/encoder.go:109.15,111.4 1 8
github.com/takt-corp/barcode/ean/encoder.go:111.9,113.4 1 8
github.com/takt-corp/barcode/ean/encoder.go:115.3,115.16 1 16
github.com/takt-corp/barcode/ean/encoder.go:115.16,117.4 1 2
github.com/takt-corp/barcode/ean/encoder.go:118.3,118.25 1 16
github.com/takt-corp/barcode/ean/encoder.go:120.2,122.15 2 2
github.com/takt-corp/barcode/ean/encoder.go:125.46,130.28 4 2
github.com/takt-corp/barcode/ean/encoder.go:130.28,132.10 2 14
github.com/takt-corp/barcode/ean/encoder.go:132.10,134.4 1 1
github.com/takt-corp/barcode/ean/encoder.go:135.3,135.16 1 13
github.com/takt-corp/barcode/ean/encoder.go:135.16,137.12 2 1
github.com/takt-corp/barcode/ean/encoder.go:140.3,141.15 2 12
github.com/takt-corp/barcode/ean/encoder.go:141.15,142.24 1 6
github.com/takt-corp/barcode/ean/encoder.go:142.24,144.5 1 3
github.com/takt-corp/barcode/ean/encoder.go:144.10,146.5 1 3
github.com/takt-corp/barcode/ean/encoder.go:147.9,149.4 1 6
github.com/takt-corp/barcode/ean/encoder.go:151.3,151.16 1 12
github.com/takt-corp/barcode/ean/encoder.go:151.16,153.4 1 1
github.com/takt-corp/barcode/ean/encoder.go:154.3,154.25 1 12
github.com/takt-corp/barcode/ean/encoder.go:156.2,157.15 2 1
github.com/takt-corp/barcode/ean/encoder.go:161.56,163.39 2 6
github.com/takt-corp/barcode/ean/encoder.go:163.39,166.3 2 3
github.com/takt-corp/barcode/ean/encoder.go:166.8,166.46 1 3
github.com/takt-corp/barcode/ean/encoder.go:166.46,169.20 3 3
github.com/takt-corp/barcode/ean/encoder.go:169.20,171.4 1 1
github.com/takt-corp/barcode/ean/encoder.go:172.3,172.54 1 2
github.com/takt-corp/barcode/ean/encoder.go:175.2,175.20 1 5
github.com/takt-corp/barcode/ean/encoder.go:175.20,177.20 2 4
github.com/takt-corp/barcode/ean/encoder.go:177.20,179.4 1 2
github.com/takt-corp/barcode/ean/encoder.go:180.8,180.28 1 1
github.com/takt-corp/barcode/ean/encoder.go:180.28,182.20 2 1
github.com/takt-corp/barcode/ean/encoder.go:182.20,184.4 1 1
github.com/takt-corp/barcode/ean/encoder.go:186.2,186.49 1 2
github.com/takt-corp/barcode/code39/encoder.go:78.41,80.28 2 1
github.com/takt-corp/barcode/code39/encoder.go:80.28,82.28 2 36
github.com/takt-corp/barcode/code39/encoder.go:82.28,84.4 1 0
github.com/takt-corp/barcode/code39/encoder.go:86.3,86.20 1 36
github.com/takt-corp/barcode/code39/encoder.go:89.2,90.32 2 1
github.com/takt-corp/barcode/code39/encoder.go:90.32,91.21 1 10
github.com/takt-corp/barcode/code39/encoder.go:91.21,93.4 1 1
github.com/takt-corp/barcode/code39/encoder.go:95.2,95.12 1 0
github.com/takt-corp/barcode/code39/encoder.go:98.46,100.28 2 0
github.com/takt-corp/barcode/code39/encoder.go:100.28,101.14 1 0
github.com/takt-corp/barcode/code39/encoder.go:101.14,103.4 1 0
github.com/takt-corp/barcode/code39/encoder.go:104.3,105.9 2 0
github.com/takt-corp/barcode/code39/encoder.go:105.9,107.4 1 0
github.com/takt-corp/barcode/code39/encoder.go:107.9,109.4 1 0
github.com/takt-corp/barcode/code39/encoder.go:111.2,111.20 1 0
github.com/takt-corp/barcode/code39/encoder.go:116.101,117.19 1 1
github.com/takt-corp/barcode/code39/encoder.go:117.19,120.17 3 0
github.com/takt-corp/barcode/code39/encoder.go:120.17,122.4 1 0
github.com/takt-corp/barcode/code39/encoder.go:123.8,123.47 1 1
github.com/takt-corp/barcode/code39/encoder.go:123.47,125.3 1 0
github.com/takt-corp/barcode/code39/encoder.go:127.2,128.21 2 1
github.com/takt-corp/barcode/code39/encoder.go:128.21,130.3 1 0
github.com/takt-corp/barcode/code39/encoder.go:131.2,135.25 3 1
github.com/takt-corp/barcode/code39/encoder.go:135.25,136.13 1 38
github.com/takt-corp/barcode/code39/encoder.go:136.13,138.4 1 37
github.com/takt-corp/barcode/code39/encoder.go:140.3,141.10 2 38
github.com/takt-corp/barcode/code39/encoder.go:141.10,143.4 1 0
github.com/takt-corp/barcode/code39/encoder.go:144.3,144.30 1 38
github.com/takt-corp/barcode/code39/encoder.go:147.2,148.16 2 1
github.com/takt-corp/barcode/code39/encoder.go:148.16,150.3 1 1
github.com/takt-corp/barcode/code39/encoder.go:151.2,151.92 1 1
github.com/takt-corp/barcode/datamatrix/codelayout.go:15.50,21.2 5 1
github.com/takt-corp/barcode/datamatrix/codelayout.go:23.50,25.2 1 544
github.com/takt-corp/barcode/datamatrix/codelayout.go:27.60,29.13 2 482
github.com/takt-corp/barcode/datamatrix/codelayout.go:29.13,32.3 2 14
github.com/takt-corp/barcode/datamatrix/codelayout.go:33.2,33.13 1 482
github.com/takt-corp/barcode/datamatrix/codelayout.go:33.13,36.3 2 18
github.com/takt-corp/barcode/datamatrix/codelayout.go:37.2,37.26 1 482
github.com/takt-corp/barcode/datamatrix/codelayout.go:37.26,38.91 1 0
github.com/takt-corp/barcode/datamatrix/codelayout.go:41.2,43.54 2 482
github.com/takt-corp/barcode/datamatrix/codelayout.go:46.58,55.2 8 59
github.com/takt-corp/barcode/datamatrix/codelayout.go:57.42,66.2 8 0
github.com/takt-corp/barcode/datamatrix/codelayout.go:68.42,77.2 8 1
github.com/takt-corp/barcode/datamatrix/codelayout.go:79.42,88.2 8 0
github.com/takt-corp/barcode/datamatrix/codelayout.go:90.42,99.2 8 0
github.com/takt-corp/barcode/datamatrix/codelayout.go:101.45,106.68 4 1
github.com/takt-corp/barcode/datamatrix/codelayout.go:106.68,107.49 1 6
github.com/takt-corp/barcode/datamatrix/codelayout.go:107.49,110.4 2 0
github.com/takt-corp/barcode/datamatrix/codelayout.go:111.3,111.86 1 6
github.com/takt-corp/barcode/datamatrix/codelayout.go:111.86,114.4 2 1
github.com/takt-corp/barcode/datamatrix/codelayout.go:115.3,115.86 1 6
github.com/takt-corp/barcode/datamatrix/codelayout.go:115.86,118.4 2 0
github.com/takt-corp/barcode/datamatrix/codelayout.go:120.3,120.86 1 6
github.com/takt-corp/barcode/datamatrix/codelayout.go:120.86,123.4 2 0
github.com/takt-corp/barcode/datamatrix/codelayout.go:125.3,125.7 1 6
github.com/takt-corp/barcode/datamatrix/codelayout.go:125.7,126.74 1 39
github.com/takt-corp/barcode/datamatrix/codelayout.go:126.74,129.5 2 29
github.com/takt-corp/barcode/datamatrix/codelayout.go:130.4,132.52 3 39
github.com/takt-corp/barcode/datamatrix/codelayout.go:132.52,133.10 1 6
github.com/takt-corp/barcode/datamatrix/codelayout.go:136.3,139.7 3 6
github.com/takt-corp/barcode/datamatrix/codelayout.go:139.7,140.77 1 39
github.com/takt-corp/barcode/datamatrix/codelayout.go:140.77,143.5 2 30
github.com/takt-corp/barcode/datamatrix/codelayout.go:144.4,146.49 3 39
github.com/takt-corp/barcode/datamatrix/codelayout.go:146.49,147.10 1 6
github.com/takt-corp/barcode/datamatrix/codelayout.go:150.3,151.11 2 6
github.com/takt-corp/barcode/datamatrix/codelayout.go:154.2,154.66 1 1
github.com/takt-corp/barcode/datamatrix/codelayout.go:154.66,157.3 2 1
github.com/takt-corp/barcode/datamatrix/codelayout.go:160.46,164.62 2 1
github.com/takt-corp/barcode/datamatrix/codelayout.go:164.62,165.42 1 1
github.com/takt-corp/barcode/datamatrix/codelayout.go:165.42,167.4 1 12
github.com/takt-corp/barcode/datamatrix/codelayout.go:171.2,171.84 1 1
github.com/takt-corp/barcode/datamatrix/codelayout.go:171.84,172.39 1 1
github.com/takt-corp/barcode/datamatrix/codelayout.go:172.39,174.4 1 24
github.com/takt-corp/barcode/datamatrix/codelayout.go:178.2,178.93 1 1
github.com/takt-corp/barcode/datamatrix/codelayout.go:178.93,179.39 1 1
github.com/takt-corp/barcode/datamatrix/codelayout.go:179.39,181.4 1 12
github.com/takt-corp/barcode/datamatrix/codelayout.go:185.2,185.68 1 1
github.com/takt-corp/barcode/datamatrix/codelayout.go:185.68,186.36 1 1
github.com/takt-corp/barcode/datamatrix/codelayout.go:186.36,188.4 1 24
github.com/takt-corp/barcode/datamatrix/codelayout.go:190.2,191.70 2 1
github.com/takt-corp/barcode/datamatrix/codelayout.go:191.70,192.69 1 1
github.com/takt-corp/barcode/datamatrix/codelayout.go:192.69,193.48 1 1
github.com/takt-corp/barcode/datamatrix/codelayout.go:193.48,197.46 3 22
github.com/takt-corp/barcode/datamatrix/codelayout.go:197.46,201.13 4 484
github.com/takt-corp/barcode/datamatrix/codelayout.go:201.13,203.7 1 245
github.com/takt-corp/barcode/datamatrix/codelayout.go:205.6,205.43 1 484
github.com/takt-corp/barcode/datamatrix/codelayout.go:211.2,211.15 1 1
github.com/takt-corp/barcode/datamatrix/codesize.go:12.39,14.2 1 1644
github.com/takt-corp/barcode/datamatrix/codesize.go:16.42,18.2 1 2209
github.com/takt-corp/barcode/datamatrix/codesize.go:20.39,22.2 1 167
github.com/takt-corp/barcode/datamatrix/codesize.go:24.42,26.2 1 2139
github.com/takt-corp/barcode/datamatrix/codesize.go:28.42,30.2 1 22
github.com/takt-corp/barcode/datamatrix/codesize.go:32.57,33.39 1 4
github.com/takt-corp/barcode/datamatrix/codesize.go:33.39,35.14 1 0
github.com/takt-corp/barcode/datamatrix/codesize.go:35.14,37.4 1 0
github.com/takt-corp/barcode/datamatrix/codesize.go:37.9,39.4 1 0
github.com/takt-corp/barcode/datamatrix/codesize.go:41.2,41.41 1 4
github.com/takt-corp/barcode/datamatrix/codesize.go:44.61,46.2 1 66
github.com/takt-corp/barcode/datamatrix/datamatrixcode.go:17.58,19.2 1 2
github.com/takt-corp/barcode/datamatrix/datamatrixcode.go:21.43,23.2 1 0
github.com/takt-corp/barcode/datamatrix/datamatrixcode.go:25.54,30.2 1 0
github.com/takt-corp/barcode/datamatrix/datamatrixcode.go:32.51,34.2 1 0
github.com/takt-corp/barcode/datamatrix/datamatrixcode.go:36.51,38.2 1 0
github.com/takt-corp/barcode/datamatrix/datamatrixcode.go:40.51,41.17 1 0
github.com/takt-corp/barcode/datamatrix/datamatrixcode.go:41.17,43.3 1 0
github.com/takt-corp/barcode/datamatrix/datamatrixcode.go:44.2,44.20 1 0
github.com/takt-corp/barcode/datamatrix/datamatrixcode.go:47.45,49.2 1 1152
github.com/takt-corp/barcode/datamatrix/datamatrixcode.go:51.52,53.2 1 1132
github.com/takt-corp/barcode/datamatrix/encoder.go:11.54,15.30 3 1
github.com/takt-corp/barcode/datamatrix/encoder.go:15.30,16.37 1 8
github.com/takt-corp/barcode/datamatrix/encoder.go:16.37,18.9 2 1
github.com/takt-corp/barcode/datamatrix/encoder.go:21.2,21.17 1 1
github.com/takt-corp/barcode/datamatrix/encoder.go:21.17,23.3 1 0
github.com/takt-corp/barcode/datamatrix/encoder.go:24.2,27.17 4 1
github.com/takt-corp/barcode/datamatrix/encoder.go:27.17,30.3 2 1
github.com/takt-corp/barcode/datamatrix/encoder.go:31.2,31.52 1 0
github.com/takt-corp/barcode/datamatrix/encoder.go:34.60,40.2 3 1
github.com/takt-corp/barcode/datamatrix/encoder.go:42.40,46.30 3 2
github.com/takt-corp/barcode/datamatrix/encoder.go:46.30,50.83 3 68
github.com/takt-corp/barcode/datamatrix/encoder.go:50.83,56.4 4 2
github.com/takt-corp/barcode/datamatrix/encoder.go:56.9,56.21 1 66
github.com/takt-corp/barcode/datamatrix/encoder.go:56.21,59.4 1 0
github.com/takt-corp/barcode/datamatrix/encoder.go:59.9,61.4 1 66
github.com/takt-corp/barcode/datamatrix/encoder.go:63.2,63.15 1 2
github.com/takt-corp/barcode/datamatrix/encoder.go:66.50,67.25 1 2
github.com/takt-corp/barcode/datamatrix/encoder.go:67.25,69.3 1 2
github.com/takt-corp/barcode/datamatrix/encoder.go:70.2,70.26 1 2
github.com/takt-corp/barcode/datamatrix/encoder.go:70.26,73.16 3 2
github.com/takt-corp/barcode/datamatrix/encoder.go:73.16,75.4 1 0
github.com/takt-corp/barcode/datamatrix/encoder.go:77.3,77.33 1 2
github.com/takt-corp/barcode/datamatrix/encoder.go:79.2,79.13 1 2
github.com/takt-corp/barcode/datamatrix/errorcorrection.go:13.44,17.2 2 1
github.com/takt-corp/barcode/datamatrix/errorcorrection.go:19.74,24.51 3 4
github.com/takt-corp/barcode/datamatrix/errorcorrection.go:24.51,30.54 4 4
github.com/takt-corp/barcode/datamatrix/errorcorrection.go:30.54,33.4 2 78
github.com/takt-corp/barcode/datamatrix/errorcorrection.go:35.3,38.101 3 4
github.com/takt-corp/barcode/datamatrix/errorcorrection.go:38.101,41.4 2 58
github.com/takt-corp/barcode/datamatrix/errorcorrection.go:44.2,44.13 1 4
github.com/takt-corp/barcode/twooffive/encoder.go:57.50,58.19 1 3
github.com/takt-corp/barcode/twooffive/encoder.go:58.19,60.3 1 1
github.com/takt-corp/barcode/twooffive/encoder.go:62.2,64.28 3 2
github.com/takt-corp/barcode/twooffive/encoder.go:64.28,65.36 1 9
github.com/takt-corp/barcode/twooffive/encoder.go:65.36,67.12 2 8
github.com/takt-corp/barcode/twooffive/encoder.go:67.12,69.5 1 4
github.com/takt-corp/barcode/twooffive/encoder.go:69.10,71.5 1 4
github.com/takt-corp/barcode/twooffive/encoder.go:72.4,72.16 1 8
github.com/takt-corp/barcode/twooffive/encoder.go:73.9,75.4 1 1
github.com/takt-corp/barcode/twooffive/encoder.go:78.2,78.55 1 1
github.com/takt-corp/barcode/twooffive/encoder.go:82.72,83.19 1 3
github.com/takt-corp/barcode/twooffive/encoder.go:83.19,85.3 1 0
github.com/takt-corp/barcode/twooffive/encoder.go:87.2,87.40 1 3
github.com/takt-corp/barcode/twooffive/encoder.go:87.40,89.3 1 0
github.com/takt-corp/barcode/twooffive/encoder.go:91.2,96.28 5 3
github.com/takt-corp/barcode/twooffive/encoder.go:96.28,98.18 2 17
github.com/takt-corp/barcode/twooffive/encoder.go:98.18,99.23 1 8
github.com/takt-corp/barcode/twooffive/encoder.go:99.23,102.13 3 4
github.com/takt-corp/barcode/twooffive/encoder.go:103.10,107.19 4 4
github.com/takt-corp/barcode/twooffive/encoder.go:107.19,109.6 1 0
github.com/takt-corp/barcode/twooffive/encoder.go:110.5,110.19 1 4
github.com/takt-corp/barcode/twooffive/encoder.go:112.9,115.11 3 9
github.com/takt-corp/barcode/twooffive/encoder.go:115.11,117.5 1 1
github.com/takt-corp/barcode/twooffive/encoder.go:118.4,118.27 1 8
github.com/takt-corp/barcode/twooffive/encoder.go:121.3,121.37 1 12
github.com/takt-corp/barcode/twooffive/encoder.go:121.37,122.43 1 60
github.com/takt-corp/barcode/twooffive/encoder.go:122.43,124.5 1 108
github.com/takt-corp/barcode/twooffive/encoder.go:125.4,125.43 1 60
github.com/takt-corp/barcode/twooffive/encoder.go:125.43,127.5 1 76
github.com/takt-corp/barcode/twooffive/encoder.go:131.2,133.17 2 2
github.com/takt-corp/barcode/twooffive/encoder.go:133.17,135.3 1 1
github.com/takt-corp/barcode/twooffive/encoder.go:135.8,137.3 1 1
github.com/takt-corp/barcode/qr/alphanumeric.go:13.50,15.12 2 11
github.com/takt-corp/barcode/qr/alphanumeric.go:15.12,16.29 1 11
github.com/takt-corp/barcode/qr/alphanumeric.go:16.29,19.15 3 4347
github.com/takt-corp/barcode/qr/alphanumeric.go:19.15,20.10 1 4
github.com/takt-corp/barcode/qr/alphanumeric.go:23.3,23.16 1 11
github.com/takt-corp/barcode/qr/alphanumeric.go:26.2,26.15 1 11
github.com/takt-corp/barcode/qr/alphanumeric.go:29.105,33.21 3 12
github.com/takt-corp/barcode/qr/alphanumeric.go:33.21,35.3 1 9
github.com/takt-corp/barcode/qr/alphanumeric.go:36.2,37.15 2 12
github.com/takt-corp/barcode/qr/alphanumeric.go:37.15,39.3 1 1
github.com/takt-corp/barcode/qr/alphanumeric.go:41.2,47.44 5 11
github.com/takt-corp/barcode/qr/alphanumeric.go:47.44,50.23 3 2172
github.com/takt-corp/barcode/qr/alphanumeric.go:50.23,52.4 1 3
github.com/takt-corp/barcode/qr/alphanumeric.go:53.3,53.28 1 2169
github.com/takt-corp/barcode/qr/alphanumeric.go:55.2,55.21 1 8
github.com/takt-corp/barcode/qr/alphanumeric.go:55.21,57.12 2 6
github.com/takt-corp/barcode/qr/alphanumeric.go:57.12,59.4 1 1
github.com/takt-corp/barcode/qr/alphanumeric.go:60.3,60.20 1 5
github.com/takt-corp/barcode/qr/alphanumeric.go:63.2,65.21 2 7
github.com/takt-corp/barcode/qr/automatic.go:9.97,11.30 2 4
github.com/takt-corp/barcode/qr/automatic.go:11.30,13.3 1 1
github.com/takt-corp/barcode/qr/automatic.go:14.2,15.30 2 3
github.com/takt-corp/barcode/qr/automatic.go:15.30,17.3 1 1
github.com/takt-corp/barcode/qr/automatic.go:18.2,19.30 2 2
github.com/takt-corp/barcode/qr/automatic.go:19.30,21.3 1 1
github.com/takt-corp/barcode/qr/automatic.go:22.2,22.76 1 1
github.com/takt-corp/barcode/qr/blocks.go:9.65,12.54 2 7
github.com/takt-corp/barcode/qr/blocks.go:12.54,15.65 3 9
github.com/takt-corp/barcode/qr/blocks.go:15.65,17.4 1 154
github.com/takt-corp/barcode/qr/blocks.go:18.3,19.18 2 9
github.com/takt-corp/barcode/qr/blocks.go:22.2,22.54 1 7
github.com/takt-corp/barcode/qr/blocks.go:22.54,25.65 3 4
github.com/takt-corp/barcode/qr/blocks.go:25.65,27.4 1 62
github.com/takt-corp/barcode/qr/blocks.go:28.3,29.49 2 4
github.com/takt-corp/barcode/qr/blocks.go:32.2,32.15 1 7
github.com/takt-corp/barcode/qr/blocks.go:35.56,37.73 2 7
github.com/takt-corp/barcode/qr/blocks.go:37.73,39.3 1 6
github.com/takt-corp/barcode/qr/blocks.go:39.8,41.3 1 1
github.com/takt-corp/barcode/qr/blocks.go:42.2,46.40 3 7
github.com/takt-corp/barcode/qr/blocks.go:46.40,47.32 1 124
github.com/takt-corp/barcode/qr/blocks.go:47.32,48.27 1 220
github.com/takt-corp/barcode/qr/blocks.go:48.27,50.5 1 216
github.com/takt-corp/barcode/qr/blocks.go:53.2,53.64 1 7
github.com/takt-corp/barcode/qr/blocks.go:53.64,54.32 1 92
github.com/takt-corp/barcode/qr/blocks.go:54.32,56.4 1 200
github.com/takt-corp/barcode/qr/blocks.go:58.2,58.15 1 7
github.com/takt-corp/barcode/qr/encoder.go:29.41,30.11 1 26
github.com/takt-corp/barcode/qr/encoder.go:31.12,32.20 1 4
github.com/takt-corp/barcode/qr/encoder.go:33.15,34.23 1 7
github.com/takt-corp/barcode/qr/encoder.go:35.20,36.28 1 8
github.com/takt-corp/barcode/qr/encoder.go:37.15,38.23 1 6
github.com/takt-corp/barcode/qr/encoder.go:40.2,40.12 1 1
github.com/takt-corp/barcode/qr/encoder.go:43.35,44.11 1 14
github.com/takt-corp/barcode/qr/encoder.go:45.12,46.16 1 1
github.com/takt-corp/barcode/qr/encoder.go:47.15,48.19 1 6
github.com/takt-corp/barcode/qr/encoder.go:49.20,50.24 1 5
github.com/takt-corp/barcode/qr/encoder.go:51.15,52.19 1 1
github.com/takt-corp/barcode/qr/encoder.go:54.2,54.11 1 1
github.com/takt-corp/barcode/qr/encoder.go:58.97,60.16 2 6
github.com/takt-corp/barcode/qr/encoder.go:60.16,62.3 1 1
github.com/takt-corp/barcode/qr/encoder.go:64.2,68.20 5 5
github.com/takt-corp/barcode/qr/encoder.go:71.51,74.25 3 5
github.com/takt-corp/barcode/qr/encoder.go:74.25,76.3 1 40
github.com/takt-corp/barcode/qr/encoder.go:78.2,80.41 2 5
github.com/takt-corp/barcode/qr/encoder.go:80.41,82.26 2 1048
github.com/takt-corp/barcode/qr/encoder.go:82.26,84.4 1 8384
github.com/takt-corp/barcode/qr/encoder.go:87.2,92.26 4 5
github.com/takt-corp/barcode/qr/encoder.go:92.26,93.26 1 109
github.com/takt-corp/barcode/qr/encoder.go:93.26,95.4 1 29
github.com/takt-corp/barcode/qr/encoder.go:96.3,96.26 1 109
github.com/takt-corp/barcode/qr/encoder.go:96.26,98.4 1 29
github.com/takt-corp/barcode/qr/encoder.go:101.2,105.25 4 5
github.com/takt-corp/barcode/qr/encoder.go:105.25,107.3 1 40
github.com/takt-corp/barcode/qr/encoder.go:110.2,112.44 2 5
github.com/takt-corp/barcode/qr/encoder.go:112.44,114.29 2 1191
github.com/takt-corp/barcode/qr/encoder.go:114.29,116.4 1 1184
github.com/takt-corp/barcode/qr/encoder.go:116.9,118.4 1 7
github.com/takt-corp/barcode/qr/encoder.go:120.3,120.26 1 1191
github.com/takt-corp/barcode/qr/encoder.go:120.26,122.4 1 9528
github.com/takt-corp/barcode/qr/encoder.go:123.3,123.13 1 1191
github.com/takt-corp/barcode/qr/encoder.go:126.2,128.25 3 5
github.com/takt-corp/barcode/qr/encoder.go:128.25,130.24 2 40
github.com/takt-corp/barcode/qr/encoder.go:130.24,133.4 2 9
github.com/takt-corp/barcode/qr/encoder.go:135.2,135.34 1 5
github.com/takt-corp/barcode/qr/encoder.go:138.72,139.14 1 9528
github.com/takt-corp/barcode/qr/encoder.go:140.9,141.36 1 1191
github.com/takt-corp/barcode/qr/encoder.go:142.9,143.30 1 1191
github.com/takt-corp/barcode/qr/encoder.go:144.9,145.30 1 1191
github.com/takt-corp/barcode/qr/encoder.go:146.9,147.36 1 1191
github.com/takt-corp/barcode/qr/encoder.go:148.9,149.40 1 1191
github.com/takt-corp/barcode/qr/encoder.go:150.9,151.42 1 1191
github.com/takt-corp/barcode/qr/encoder.go:152.9,153.46 1 1191
github.com/takt-corp/barcode/qr/encoder.go:154.9,155.46 1 1191
github.com/takt-corp/barcode/qr/encoder.go:157.2,157.16 1 9528
github.com/takt-corp/barcode/qr/encoder.go:160.58,163.12 3 5
github.com/takt-corp/barcode/qr/encoder.go:163.12,168.7 4 5
github.com/takt-corp/barcode/qr/encoder.go:168.7,169.16 1 1140
github.com/takt-corp/barcode/qr/encoder.go:169.16,173.17 4 570
github.com/takt-corp/barcode/qr/encoder.go:173.17,176.19 3 26
github.com/takt-corp/barcode/qr/encoder.go:176.19,178.7 1 5
github.com/takt-corp/barcode/qr/encoder.go:179.6,179.18 1 26
github.com/takt-corp/barcode/qr/encoder.go:179.18,180.12 1 0
github.com/takt-corp/barcode/qr/encoder.go:182.6,182.22 1 26
github.com/takt-corp/barcode/qr/encoder.go:184.10,188.35 4 570
github.com/takt-corp/barcode/qr/encoder.go:188.35,191.19 3 26
github.com/takt-corp/barcode/qr/encoder.go:191.19,193.7 1 0
github.com/takt-corp/barcode/qr/encoder.go:194.6,195.18 2 26
github.com/takt-corp/barcode/qr/encoder.go:195.18,196.12 1 5
github.com/takt-corp/barcode/qr/encoder.go:202.3,202.19 1 5
github.com/takt-corp/barcode/qr/encoder.go:204.2,204.12 1 5
github.com/takt-corp/barcode/qr/encoder.go:204.12,205.29 1 5
github.com/takt-corp/barcode/qr/encoder.go:205.29,206.33 1 2280
github.com/takt-corp/barcode/qr/encoder.go:206.33,208.5 1 1191
github.com/takt-corp/barcode/qr/encoder.go:210.3,210.16 1 5
github.com/takt-corp/barcode/qr/encoder.go:212.2,212.15 1 5
github.com/takt-corp/barcode/qr/encoder.go:215.68,217.42 2 5
github.com/takt-corp/barcode/qr/encoder.go:217.42,218.27 1 15
github.com/takt-corp/barcode/qr/encoder.go:218.27,219.28 1 135
github.com/takt-corp/barcode/qr/encoder.go:219.28,222.67 2 1215
github.com/takt-corp/barcode/qr/encoder.go:222.67,224.6 1 960
github.com/takt-corp/barcode/qr/encoder.go:228.2,230.23 3 5
github.com/takt-corp/barcode/qr/encoder.go:233.89,234.42 1 5
github.com/takt-corp/barcode/qr/encoder.go:234.42,235.28 1 1
github.com/takt-corp/barcode/qr/encoder.go:235.28,236.29 1 5
github.com/takt-corp/barcode/qr/encoder.go:236.29,239.5 2 25
github.com/takt-corp/barcode/qr/encoder.go:242.2,244.30 2 5
github.com/takt-corp/barcode/qr/encoder.go:244.30,245.31 1 2
github.com/takt-corp/barcode/qr/encoder.go:245.31,246.26 1 4
github.com/takt-corp/barcode/qr/encoder.go:246.26,247.13 1 3
github.com/takt-corp/barcode/qr/encoder.go:249.4,249.21 1 1
github.com/takt-corp/barcode/qr/encoder.go:297.78,300.20 2 45
github.com/takt-corp/barcode/qr/encoder.go:300.20,302.3 1 5
github.com/takt-corp/barcode/qr/encoder.go:302.8,304.3 1 40
github.com/takt-corp/barcode/qr/encoder.go:306.2,306.27 1 45
github.com/takt-corp/barcode/qr/encoder.go:306.27,339.3 31 45
github.com/takt-corp/barcode/qr/encoder.go:379.65,382.36 2 5
github.com/takt-corp/barcode/qr/encoder.go:382.36,383.45 1 0
github.com/takt-corp/barcode/qr/encoder.go:383.45,388.4 4 0
github.com/takt-corp/barcode/qr/encoder.go:393.66,394.61 1 16
github.com/takt-corp/barcode/qr/encoder.go:394.61,396.3 1 63
github.com/takt-corp/barcode/qr/encoder.go:398.2,398.22 1 16
github.com/takt-corp/barcode/qr/encoder.go:398.22,400.3 1 35
github.com/takt-corp/barcode/qr/encoder.go:402.2,402.52 1 16
github.com/takt-corp/barcode/qr/encoder.go:402.52,403.15 1 123
github.com/takt-corp/barcode/qr/encoder.go:403.15,405.4 1 65
github.com/takt-corp/barcode/qr/encoder.go:405.9,407.4 1 58
github.com/takt-corp/barcode/qr/errorcorrection.go:13.44,16.2 2 1
github.com/takt-corp/barcode/qr/errorcorrection.go:18.71,20.33 2 54
github.com/takt-corp/barcode/qr/errorcorrection.go:20.33,22.3 1 1457
github.com/takt-corp/barcode/qr/errorcorrection.go:23.2,25.32 3 54
github.com/takt-corp/barcode/qr/errorcorrection.go:25.32,27.3 1 895
github.com/takt-corp/barcode/qr/errorcorrection.go:28.2,28.15 1 54
github.com/takt-corp/barcode/qr/numeric.go:11.100,13.26 2 10
github.com/takt-corp/barcode/qr/numeric.go:14.9,15.23 1 4
github.com/takt-corp/barcode/qr/numeric.go:16.9,17.23 1 4
github.com/takt-corp/barcode/qr/numeric.go:19.2,20.15 2 10
github.com/takt-corp/barcode/qr/numeric.go:20.15,22.3 1 1
github.com/takt-corp/barcode/qr/numeric.go:23.2,27.45 4 9
github.com/takt-corp/barcode/qr/numeric.go:27.45,29.28 2 22
github.com/takt-corp/barcode/qr/numeric.go:29.28,31.4 1 18
github.com/takt-corp/barcode/qr/numeric.go:31.9,33.4 1 4
github.com/takt-corp/barcode/qr/numeric.go:35.3,36.26 2 22
github.com/takt-corp/barcode/qr/numeric.go:36.26,38.4 1 5
github.com/takt-corp/barcode/qr/numeric.go:39.3,40.26 2 17
github.com/takt-corp/barcode/qr/numeric.go:41.10,42.15 1 13
github.com/takt-corp/barcode/qr/numeric.go:43.10,44.14 1 3
github.com/takt-corp/barcode/qr/numeric.go:45.10,46.14 1 1
github.com/takt-corp/barcode/qr/numeric.go:49.3,49.25 1 17
github.com/takt-corp/barcode/qr/numeric.go:52.2,53.21 2 4
github.com/takt-corp/barcode/qr/qrcode.go:18.36,20.2 1 1
github.com/takt-corp/barcode/qr/qrcode.go:22.47,27.2 1 1
github.com/takt-corp/barcode/qr/qrcode.go:29.44,31.2 1 1
github.com/takt-corp/barcode/qr/qrcode.go:33.44,35.2 1 1
github.com/takt-corp/barcode/qr/qrcode.go:37.44,38.18 1 2
github.com/takt-corp/barcode/qr/qrcode.go:38.18,40.3 1 1
github.com/takt-corp/barcode/qr/qrcode.go:41.2,41.20 1 1
github.com/takt-corp/barcode/qr/qrcode.go:44.38,46.2 1 347279
github.com/takt-corp/barcode/qr/qrcode.go:48.43,50.2 1 20323
github.com/takt-corp/barcode/qr/qrcode.go:52.38,54.2 1 41
github.com/takt-corp/barcode/qr/qrcode.go:56.43,58.36 2 45
github.com/takt-corp/barcode/qr/qrcode.go:58.36,64.37 5 935
github.com/takt-corp/barcode/qr/qrcode.go:64.37,65.33 1 20141
github.com/takt-corp/barcode/qr/qrcode.go:65.33,67.5 1 10381
github.com/takt-corp/barcode/qr/qrcode.go:67.10,69.18 2 9760
github.com/takt-corp/barcode/qr/qrcode.go:69.18,71.6 1 774
github.com/takt-corp/barcode/qr/qrcode.go:72.5,72.13 1 9760
github.com/takt-corp/barcode/qr/qrcode.go:75.4,75.33 1 20141
github.com/takt-corp/barcode/qr/qrcode.go:75.33,77.5 1 10293
github.com/takt-corp/barcode/qr/qrcode.go:77.10,79.18 2 9848
github.com/takt-corp/barcode/qr/qrcode.go:79.18,81.6 1 804
github.com/takt-corp/barcode/qr/qrcode.go:82.5,82.13 1 9848
github.com/takt-corp/barcode/qr/qrcode.go:86.3,86.16 1 935
github.com/takt-corp/barcode/qr/qrcode.go:86.16,88.4 1 175
github.com/takt-corp/barcode/qr/qrcode.go:89.3,89.16 1 935
github.com/takt-corp/barcode/qr/qrcode.go:89.16,91.4 1 179
github.com/takt-corp/barcode/qr/qrcode.go:94.2,94.15 1 45
github.com/takt-corp/barcode/qr/qrcode.go:97.43,99.38 2 45
github.com/takt-corp/barcode/qr/qrcode.go:99.38,100.39 1 878
github.com/takt-corp/barcode/qr/qrcode.go:100.39,102.87 2 18220
github.com/takt-corp/barcode/qr/qrcode.go:102.87,104.5 1 1976
github.com/takt-corp/barcode/qr/qrcode.go:107.2,107.15 1 45
github.com/takt-corp/barcode/qr/qrcode.go:110.43,115.51 4 45
github.com/takt-corp/barcode/qr/qrcode.go:115.51,116.37 1 527
github.com/takt-corp/barcode/qr/qrcode.go:116.37,122.39 5 11547
github.com/takt-corp/barcode/qr/qrcode.go:122.39,124.26 2 127017
github.com/takt-corp/barcode/qr/qrcode.go:124.26,126.6 1 62908
github.com/takt-corp/barcode/qr/qrcode.go:127.5,127.26 1 127017
github.com/takt-corp/barcode/qr/qrcode.go:127.26,129.6 1 63432
github.com/takt-corp/barcode/qr/qrcode.go:130.5,131.26 2 127017
github.com/takt-corp/barcode/qr/qrcode.go:131.26,133.6 1 63028
github.com/takt-corp/barcode/qr/qrcode.go:134.5,134.26 1 127017
github.com/takt-corp/barcode/qr/qrcode.go:134.26,136.6 1 63366
github.com/takt-corp/barcode/qr/qrcode.go:138.4,138.40 1 11547
github.com/takt-corp/barcode/qr/qrcode.go:138.40,140.5 1 55
github.com/takt-corp/barcode/qr/qrcode.go:141.4,141.40 1 11547
github.com/takt-corp/barcode/qr/qrcode.go:141.40,143.5 1 52
github.com/takt-corp/barcode/qr/qrcode.go:147.2,147.15 1 45
github.com/takt-corp/barcode/qr/qrcode.go:150.43,153.32 3 49
github.com/takt-corp/barcode/qr/qrcode.go:153.32,154.24 1 20052
github.com/takt-corp/barcode/qr/qrcode.go:154.24,156.4 1 10284
github.com/takt-corp/barcode/qr/qrcode.go:158.2,161.41 4 49
github.com/takt-corp/barcode/qr/qrcode.go:164.34,169.2 4 51
github.com/takt-corp/barcode/qr/unicode.go:9.100,13.15 3 7
github.com/takt-corp/barcode/qr/unicode.go:13.15,15.3 1 2
github.com/takt-corp/barcode/qr/unicode.go:19.2,22.25 4 5
github.com/takt-corp/barcode/qr/unicode.go:22.25,24.3 1 46
github.com/takt-corp/barcode/qr/unicode.go:25.2,26.21 2 5
github.com/takt-corp/barcode/qr/versioninfo.go:19.49,20.13 1 5
github.com/takt-corp/barcode/qr/versioninfo.go:21.9,22.13 1 1
github.com/takt-corp/barcode/qr/versioninfo.go:23.9,24.13 1 1
github.com/takt-corp/barcode/qr/versioninfo.go:25.9,26.13 1 1
github.com/takt-corp/barcode/qr/versioninfo.go:27.9,28.13 1 1
github.com/takt-corp/barcode/qr/versioninfo.go:30.2,30.18 1 1
github.com/takt-corp/barcode/qr/versioninfo.go:215.45,219.2 3 642
github.com/takt-corp/barcode/qr/versioninfo.go:221.59,222.11 1 476
github.com/takt-corp/barcode/qr/versioninfo.go:223.19,224.22 1 89
github.com/takt-corp/barcode/qr/versioninfo.go:224.22,226.4 1 35
github.com/takt-corp/barcode/qr/versioninfo.go:226.9,226.29 1 54
github.com/takt-corp/barcode/qr/versioninfo.go:226.29,228.4 1 35
github.com/takt-corp/barcode/qr/versioninfo.go:229.3,229.12 1 19
github.com/takt-corp/barcode/qr/versioninfo.go:231.24,232.22 1 287
github.com/takt-corp/barcode/qr/versioninfo.go:232.22,234.4 1 89
github.com/takt-corp/barcode/qr/versioninfo.go:234.9,234.29 1 198
github.com/takt-corp/barcode/qr/versioninfo.go:234.29,236.4 1 120
github.com/takt-corp/barcode/qr/versioninfo.go:237.3,237.12 1 78
github.com/takt-corp/barcode/qr/versioninfo.go:239.16,240.22 1 96
github.com/takt-corp/barcode/qr/versioninfo.go:240.22,242.4 1 32
github.com/takt-corp/barcode/qr/versioninfo.go:243.3,243.12 1 64
github.com/takt-corp/barcode/qr/versioninfo.go:245.17,246.22 1 3
github.com/takt-corp/barcode/qr/versioninfo.go:246.22,248.4 1 1
github.com/takt-corp/barcode/qr/versioninfo.go:248.9,248.29 1 2
github.com/takt-corp/barcode/qr/versioninfo.go:248.29,250.4 1 1
github.com/takt-corp/barcode/qr/versioninfo.go:251.3,251.12 1 1
github.com/takt-corp/barcode/qr/versioninfo.go:252.10,253.11 1 1
github.com/takt-corp/barcode/qr/versioninfo.go:257.41,259.2 1 96
github.com/takt-corp/barcode/qr/versioninfo.go:261.59,262.21 1 45
github.com/takt-corp/barcode/qr/versioninfo.go:262.21,264.3 1 5
github.com/takt-corp/barcode/qr/versioninfo.go:266.2,274.15 8 40
github.com/takt-corp/barcode/qr/versioninfo.go:274.15,276.18 2 34
github.com/takt-corp/barcode/qr/versioninfo.go:276.18,279.16 3 9
github.com/takt-corp/barcode/qr/versioninfo.go:279.16,281.5 1 5
github.com/takt-corp/barcode/qr/versioninfo.go:281.10,283.5 1 4
github.com/takt-corp/barcode/qr/versioninfo.go:285.4,285.24 1 9
github.com/takt-corp/barcode/qr/versioninfo.go:285.24,287.5 1 1
github.com/takt-corp/barcode/qr/versioninfo.go:287.10,289.5 1 8
github.com/takt-corp/barcode/qr/versioninfo.go:292.3,292.33 1 34
github.com/takt-corp/barcode/qr/versioninfo.go:292.33,294.4 1 100
github.com/takt-corp/barcode/qr/versioninfo.go:297.2,297.15 1 40
github.com/takt-corp/barcode/qr/versioninfo.go:300.102,302.34 2 35
github.com/takt-corp/barcode/qr/versioninfo.go:302.34,303.22 1 1708
github.com/takt-corp/barcode/qr/versioninfo.go:303.22,304.77 1 438
github.com/takt-corp/barcode/qr/versioninfo.go:304.77,306.5 1 30
github.com/takt-corp/barcode/qr/versioninfo.go:309.2,309.12 1 5
github.com/takt-corp/barcode/utils/base1dcode.go:22.39,24.2 1 0
github.com/takt-corp/barcode/utils/base1dcode.go:26.50,31.2 1 0
github.com/takt-corp/barcode/utils/base1dcode.go:33.47,35.2 1 0
github.com/takt-corp/barcode/utils/base1dcode.go:37.47,39.2 1 0
github.com/takt-corp/barcode/utils/base1dcode.go:41.47,42.17 1 0
github.com/takt-corp/barcode/utils/base1dcode.go:42.17,44.3 1 0
github.com/takt-corp/barcode/utils/base1dcode.go:45.2,45.20 1 0
github.com/takt-corp/barcode/utils/base1dcode.go:48.42,50.2 1 0
github.com/takt-corp/barcode/utils/base1dcode.go:53.103,55.2 1 0
github.com/takt-corp/barcode/utils/base1dcode.go:58.73,60.2 1 0
github.com/takt-corp/barcode/utils/bitlist.go:11.40,15.22 4 0
github.com/takt-corp/barcode/utils/bitlist.go:15.22,17.3 1 0
github.com/takt-corp/barcode/utils/bitlist.go:18.2,19.11 2 0
github.com/takt-corp/barcode/utils/bitlist.go:23.30,25.2 1 0
github.com/takt-corp/barcode/utils/bitlist.go:27.27,29.18 2 0
github.com/takt-corp/barcode/utils/bitlist.go:29.18,31.3 1 0
github.com/takt-corp/barcode/utils/bitlist.go:31.8,31.27 1 0
github.com/takt-corp/barcode/utils/bitlist.go:31.27,33.3 1 0
github.com/takt-corp/barcode/utils/bitlist.go:35.2,37.14 3 0
github.com/takt-corp/barcode/utils/bitlist.go:41.41,42.27 1 0
github.com/takt-corp/barcode/utils/bitlist.go:42.27,44.32 2 0
github.com/takt-corp/barcode/utils/bitlist.go:44.32,46.4 1 0
github.com/takt-corp/barcode/utils/bitlist.go:47.3,48.13 2 0
github.com/takt-corp/barcode/utils/bitlist.go:53.50,56.11 3 0
github.com/takt-corp/barcode/utils/bitlist.go:56.11,58.3 1 0
github.com/takt-corp/barcode/utils/bitlist.go:58.8,60.3 1 0
github.com/takt-corp/barcode/utils/bitlist.go:64.43,68.2 3 0
github.com/takt-corp/barcode/utils/bitlist.go:71.36,72.26 1 0
github.com/takt-corp/barcode/utils/bitlist.go:72.26,74.3 1 0
github.com/takt-corp/barcode/utils/bitlist.go:78.47,79.39 1 0
github.com/takt-corp/barcode/utils/bitlist.go:79.39,81.3 1 0
github.com/takt-corp/barcode/utils/bitlist.go:85.38,87.25 2 0
github.com/takt-corp/barcode/utils/bitlist.go:87.25,89.3 1 0
github.com/takt-corp/barcode/utils/bitlist.go:90.2,91.27 2 0
github.com/takt-corp/barcode/utils/bitlist.go:91.27,94.3 2 0
github.com/takt-corp/barcode/utils/bitlist.go:95.2,95.15 1 0
github.com/takt-corp/barcode/utils/bitlist.go:99.47,102.12 2 0
github.com/takt-corp/barcode/utils/bitlist.go:102.12,106.13 4 0
github.com/takt-corp/barcode/utils/bitlist.go:106.13,109.17 3 0
github.com/takt-corp/barcode/utils/bitlist.go:109.17,112.5 2 0
github.com/takt-corp/barcode/utils/bitlist.go:113.4,113.10 1 0
github.com/takt-corp/barcode/utils/bitlist.go:115.3,115.13 1 0
github.com/takt-corp/barcode/utils/bitlist.go:118.2,118.12 1 0
github.com/takt-corp/barcode/utils/galoisfield.go:12.56,21.33 7 1
github.com/takt-corp/barcode/utils/galoisfield.go:21.33,24.21 3 256
github.com/takt-corp/barcode/utils/galoisfield.go:24.21,26.4 1 128
github.com/takt-corp/barcode/utils/galoisfield.go:29.2,29.33 1 1
github.com/takt-corp/barcode/utils/galoisfield.go:29.33,31.3 1 256
github.com/takt-corp/barcode/utils/galoisfield.go:33.2,33.15 1 1
github.com/takt-corp/barcode/utils/galoisfield.go:36.39,38.2 1 0
github.com/takt-corp/barcode/utils/galoisfield.go:41.47,43.2 1 0
github.com/takt-corp/barcode/utils/galoisfield.go:46.47,47.22 1 0
github.com/takt-corp/barcode/utils/galoisfield.go:47.22,49.3 1 0
github.com/takt-corp/barcode/utils/galoisfield.go:50.2,50.60 1 0
github.com/takt-corp/barcode/utils/galoisfield.go:54.45,55.12 1 0
github.com/takt-corp/barcode/utils/galoisfield.go:55.12,56.26 1 0
github.com/takt-corp/barcode/utils/galoisfield.go:57.8,57.19 1 0
github.com/takt-corp/barcode/utils/galoisfield.go:57.19,59.3 1 0
github.com/takt-corp/barcode/utils/galoisfield.go:60.2,60.60 1 0
github.com/takt-corp/barcode/utils/galoisfield.go:63.44,65.2 1 0
github.com/takt-corp/barcode/utils/gfpoly.go:8.32,10.2 1 0
github.com/takt-corp/barcode/utils/gfpoly.go:12.31,14.2 1 0
github.com/takt-corp/barcode/utils/gfpoly.go:17.50,19.2 1 0
github.com/takt-corp/barcode/utils/gfpoly.go:21.57,22.15 1 0
github.com/takt-corp/barcode/utils/gfpoly.go:22.15,24.3 1 0
github.com/takt-corp/barcode/utils/gfpoly.go:24.8,24.25 1 0
github.com/takt-corp/barcode/utils/gfpoly.go:24.25,26.3 1 0
github.com/takt-corp/barcode/utils/gfpoly.go:27.2,29.39 3 0
github.com/takt-corp/barcode/utils/gfpoly.go:29.39,31.3 1 0
github.com/takt-corp/barcode/utils/gfpoly.go:32.2,35.45 4 0
github.com/takt-corp/barcode/utils/gfpoly.go:35.45,37.3 1 0
github.com/takt-corp/barcode/utils/gfpoly.go:38.2,38.34 1 0
github.com/takt-corp/barcode/utils/gfpoly.go:41.66,42.16 1 0
github.com/takt-corp/barcode/utils/gfpoly.go:42.16,44.3 1 0
github.com/takt-corp/barcode/utils/gfpoly.go:45.2,47.28 3 0
github.com/takt-corp/barcode/utils/gfpoly.go:47.28,49.3 1 0
github.com/takt-corp/barcode/utils/gfpoly.go:50.2,50.33 1 0
github.com/takt-corp/barcode/utils/gfpoly.go:53.51,54.31 1 0
github.com/takt-corp/barcode/utils/gfpoly.go:54.31,56.3 1 0
github.com/takt-corp/barcode/utils/gfpoly.go:57.2,62.28 6 0
github.com/takt-corp/barcode/utils/gfpoly.go:62.28,64.29 2 0
github.com/takt-corp/barcode/utils/gfpoly.go:64.29,67.4 2 0
github.com/takt-corp/barcode/utils/gfpoly.go:69.2,69.34 1 0
github.com/takt-corp/barcode/utils/gfpoly.go:72.79,78.64 6 0
github.com/takt-corp/barcode/utils/gfpoly.go:78.64,85.3 6 0
github.com/takt-corp/barcode/utils/gfpoly.go:86.2,86.8 1 0
github.com/takt-corp/barcode/utils/gfpoly.go:89.74,90.16 1 0
github.com/takt-corp/barcode/utils/gfpoly.go:90.16,92.3 1 0
github.com/takt-corp/barcode/utils/gfpoly.go:93.2,95.33 3 0
github.com/takt-corp/barcode/utils/gfpoly.go:98.64,99.52 1 0
github.com/takt-corp/barcode/utils/gfpoly.go:99.52,101.3 1 0
github.com/takt-corp/barcode/utils/gfpoly.go:102.2,102.37 1 0
github.com/takt-corp/barcode/utils/reedsolomon.go:13.65,17.2 1 0
github.com/takt-corp/barcode/utils/reedsolomon.go:19.65,23.33 3 0
github.com/takt-corp/barcode/utils/reedsolomon.go:23.33,25.48 2 0
github.com/takt-corp/barcode/utils/reedsolomon.go:25.48,29.4 3 0
github.com/takt-corp/barcode/utils/reedsolomon.go:31.2,31.29 1 0
github.com/takt-corp/barcode/utils/reedsolomon.go:34.70,44.2 8 0
github.com/takt-corp/barcode/utils/runeint.go:5.28,6.26 1 3
github.com/takt-corp/barcode/utils/runeint.go:6.26,8.3 1 2
github.com/takt-corp/barcode/utils/runeint.go:9.2,9.11 1 1
github.com/takt-corp/barcode/utils/runeint.go:14.28,15.22 1 3
github.com/takt-corp/barcode/utils/runeint.go:15.22,17.3 1 2
github.com/takt-corp/barcode/utils/runeint.go:18.2,18.12 1 1
